<?xml version="1.0" encoding="UTF-8"?>
<testng-results ignored="0" total="0" passed="0" failed="0" skipped="0">
  <reporter-output>
  </reporter-output>
  <suite started-at="2023-07-22T09:42:07 IST" name="runner.TestRunner" finished-at="2023-07-22T09:42:07 IST" duration-ms="21">
    <groups>
    </groups>
    <test started-at="2023-07-22T09:42:07 IST" name="Command line test" finished-at="2023-07-22T09:42:07 IST" duration-ms="21">
    </test> <!-- Command line test -->
  </suite> <!-- runner.TestRunner -->
</testng-results>
